{"/home/hongmingl/Documents/ShopifyCodingChallengeBackend/src/app.ts": {"path":"/home/hongmingl/Documents/ShopifyCodingChallengeBackend/src/app.ts","statementMap":{"0":{"start":{"line":1,"column":0},"end":{"line":1,"column":52}},"1":{"start":{"line":2,"column":0},"end":{"line":2,"column":40}},"2":{"start":{"line":3,"column":0},"end":{"line":3,"column":38}},"3":{"start":{"line":4,"column":0},"end":{"line":4,"column":38}},"4":{"start":{"line":5,"column":0},"end":{"line":5,"column":28}},"5":{"start":{"line":9,"column":13},"end":{"line":41,"column":1}},"6":{"start":{"line":11,"column":14},"end":{"line":11,"column":23}},"7":{"start":{"line":13,"column":2},"end":{"line":13,"column":43}},"8":{"start":{"line":14,"column":2},"end":{"line":14,"column":18}},"9":{"start":{"line":16,"column":2},"end":{"line":20,"column":6}},"10":{"start":{"line":23,"column":2},"end":{"line":25,"column":5}},"11":{"start":{"line":24,"column":4},"end":{"line":24,"column":22}},"12":{"start":{"line":27,"column":2},"end":{"line":35,"column":5}},"13":{"start":{"line":28,"column":4},"end":{"line":28,"column":69}},"14":{"start":{"line":29,"column":4},"end":{"line":32,"column":6}},"15":{"start":{"line":34,"column":4},"end":{"line":34,"column":11}},"16":{"start":{"line":37,"column":2},"end":{"line":37,"column":37}},"17":{"start":{"line":38,"column":2},"end":{"line":38,"column":44}},"18":{"start":{"line":40,"column":2},"end":{"line":40,"column":13}},"19":{"start":{"line":49,"column":0},"end":{"line":49,"column":20}}},"fnMap":{"0":{"name":"(anonymous_7)","decl":{"start":{"line":9,"column":13},"end":{"line":9,"column":14}},"loc":{"start":{"line":9,"column":30},"end":{"line":41,"column":1}}},"1":{"name":"(anonymous_8)","decl":{"start":{"line":23,"column":15},"end":{"line":23,"column":16}},"loc":{"start":{"line":23,"column":26},"end":{"line":25,"column":3}}},"2":{"name":"(anonymous_9)","decl":{"start":{"line":27,"column":10},"end":{"line":27,"column":11}},"loc":{"start":{"line":27,"column":46},"end":{"line":35,"column":3}}}},"branchMap":{"0":{"loc":{"start":{"line":9,"column":21},"end":{"line":9,"column":26}},"type":"default-arg","locations":[{"start":{"line":9,"column":21},"end":{"line":9,"column":26}}]},"1":{"loc":{"start":{"line":28,"column":43},"end":{"line":28,"column":63}},"type":"cond-expr","locations":[{"start":{"line":28,"column":43},"end":{"line":28,"column":63}},{"start":{"line":28,"column":66},"end":{"line":28,"column":68}}]},"2":{"loc":{"start":{"line":29,"column":61},"end":{"line":29,"column":73}},"type":"binary-expr","locations":[{"start":{"line":29,"column":61},"end":{"line":29,"column":73}},{"start":{"line":29,"column":77},"end":{"line":29,"column":79}}]}},"s":{"0":2,"1":2,"2":2,"3":2,"4":2,"5":2,"6":2,"7":2,"8":2,"9":2,"10":2,"11":0,"12":2,"13":47,"14":47,"15":47,"16":2,"17":2,"18":2,"19":2},"f":{"0":2,"1":0,"2":47},"b":{"0":[0],"1":[17,30],"2":[47,30]}}
,"/home/hongmingl/Documents/ShopifyCodingChallengeBackend/src/auth_route.ts": {"path":"/home/hongmingl/Documents/ShopifyCodingChallengeBackend/src/auth_route.ts","statementMap":{"0":{"start":{"line":1,"column":0},"end":{"line":1,"column":30}},"1":{"start":{"line":2,"column":0},"end":{"line":2,"column":38}},"2":{"start":{"line":3,"column":0},"end":{"line":3,"column":28}},"3":{"start":{"line":4,"column":0},"end":{"line":4,"column":28}},"4":{"start":{"line":5,"column":0},"end":{"line":5,"column":51}},"5":{"start":{"line":6,"column":0},"end":{"line":6,"column":34}},"6":{"start":{"line":10,"column":0},"end":{"line":73,"column":null}},"7":{"start":{"line":11,"column":17},"end":{"line":11,"column":65}},"8":{"start":{"line":13,"column":17},"end":{"line":13,"column":71}},"9":{"start":{"line":14,"column":21},"end":{"line":14,"column":37}},"10":{"start":{"line":17,"column":2},"end":{"line":34,"column":5}},"11":{"start":{"line":17,"column":49},"end":{"line":34,"column":4}},"12":{"start":{"line":18,"column":21},"end":{"line":18,"column":38}},"13":{"start":{"line":19,"column":21},"end":{"line":19,"column":38}},"14":{"start":{"line":20,"column":4},"end":{"line":33,"column":null}},"15":{"start":{"line":21,"column":20},"end":{"line":21,"column":57}},"16":{"start":{"line":22,"column":6},"end":{"line":22,"column":79}},"17":{"start":{"line":22,"column":17},"end":{"line":22,"column":79}},"18":{"start":{"line":25,"column":19},"end":{"line":25,"column":60}},"19":{"start":{"line":26,"column":19},"end":{"line":26,"column":52}},"20":{"start":{"line":27,"column":6},"end":{"line":27,"column":28}},"21":{"start":{"line":28,"column":25},"end":{"line":28,"column":46}},"22":{"start":{"line":29,"column":6},"end":{"line":29,"column":58}},"23":{"start":{"line":30,"column":6},"end":{"line":30,"column":52}},"24":{"start":{"line":32,"column":6},"end":{"line":32,"column":38}},"25":{"start":{"line":37,"column":2},"end":{"line":58,"column":5}},"26":{"start":{"line":37,"column":49},"end":{"line":58,"column":4}},"27":{"start":{"line":38,"column":21},"end":{"line":38,"column":38}},"28":{"start":{"line":39,"column":21},"end":{"line":39,"column":38}},"29":{"start":{"line":40,"column":4},"end":{"line":57,"column":null}},"30":{"start":{"line":41,"column":24},"end":{"line":41,"column":63}},"31":{"start":{"line":42,"column":6},"end":{"line":42,"column":86}},"32":{"start":{"line":42,"column":17},"end":{"line":42,"column":86}},"33":{"start":{"line":44,"column":19},"end":{"line":44,"column":28}},"34":{"start":{"line":45,"column":31},"end":{"line":45,"column":46}},"35":{"start":{"line":46,"column":25},"end":{"line":46,"column":92}},"36":{"start":{"line":47,"column":6},"end":{"line":47,"column":119}},"37":{"start":{"line":47,"column":43},"end":{"line":47,"column":119}},"38":{"start":{"line":48,"column":6},"end":{"line":48,"column":43}},"39":{"start":{"line":49,"column":7},"end":{"line":49,"column":47}},"40":{"start":{"line":50,"column":6},"end":{"line":53,"column":10}},"41":{"start":{"line":54,"column":6},"end":{"line":54,"column":52}},"42":{"start":{"line":56,"column":6},"end":{"line":56,"column":38}},"43":{"start":{"line":61,"column":2},"end":{"line":70,"column":5}},"44":{"start":{"line":62,"column":4},"end":{"line":64,"column":7}},"45":{"start":{"line":63,"column":6},"end":{"line":63,"column":44}},"46":{"start":{"line":65,"column":4},"end":{"line":68,"column":8}},"47":{"start":{"line":69,"column":4},"end":{"line":69,"column":32}},"48":{"start":{"line":72,"column":2},"end":{"line":72,"column":20}}},"fnMap":{"0":{"name":"(anonymous_8)","decl":{"start":{"line":10,"column":15},"end":{"line":10,"column":16}},"loc":{"start":{"line":10,"column":31},"end":{"line":73,"column":1}}},"1":{"name":"(anonymous_9)","decl":{"start":{"line":17,"column":30},"end":{"line":17,"column":37}},"loc":{"start":{"line":17,"column":49},"end":{"line":34,"column":4}}},"2":{"name":"(anonymous_10)","decl":{"start":{"line":17,"column":49},"end":{"line":17,"column":null}},"loc":{"start":{"line":17,"column":49},"end":{"line":34,"column":3}}},"3":{"name":"(anonymous_11)","decl":{"start":{"line":37,"column":30},"end":{"line":37,"column":37}},"loc":{"start":{"line":37,"column":49},"end":{"line":58,"column":4}}},"4":{"name":"(anonymous_12)","decl":{"start":{"line":37,"column":49},"end":{"line":37,"column":null}},"loc":{"start":{"line":37,"column":49},"end":{"line":58,"column":3}}},"5":{"name":"(anonymous_13)","decl":{"start":{"line":61,"column":47},"end":{"line":61,"column":56}},"loc":{"start":{"line":61,"column":64},"end":{"line":70,"column":3}}},"6":{"name":"(anonymous_14)","decl":{"start":{"line":62,"column":24},"end":{"line":62,"column":26}},"loc":{"start":{"line":62,"column":28},"end":{"line":64,"column":5}}}},"branchMap":{"0":{"loc":{"start":{"line":10,"column":22},"end":{"line":10,"column":27}},"type":"default-arg","locations":[{"start":{"line":10,"column":22},"end":{"line":10,"column":27}}]},"1":{"loc":{"start":{"line":11,"column":32},"end":{"line":11,"column":50}},"type":"cond-expr","locations":[{"start":{"line":11,"column":32},"end":{"line":11,"column":50}},{"start":{"line":11,"column":52},"end":{"line":11,"column":65}}]},"2":{"loc":{"start":{"line":22,"column":6},"end":{"line":22,"column":79}},"type":"if","locations":[{"start":{"line":22,"column":6},"end":{"line":22,"column":79}},{"start":{"line":22,"column":6},"end":{"line":22,"column":79}}]},"3":{"loc":{"start":{"line":42,"column":6},"end":{"line":42,"column":86}},"type":"if","locations":[{"start":{"line":42,"column":6},"end":{"line":42,"column":86}},{"start":{"line":42,"column":6},"end":{"line":42,"column":86}}]},"4":{"loc":{"start":{"line":47,"column":6},"end":{"line":47,"column":119}},"type":"if","locations":[{"start":{"line":47,"column":6},"end":{"line":47,"column":119}},{"start":{"line":47,"column":6},"end":{"line":47,"column":119}}]}},"s":{"0":2,"1":2,"2":2,"3":2,"4":2,"5":2,"6":2,"7":2,"8":2,"9":2,"10":2,"11":11,"12":11,"13":11,"14":11,"15":11,"16":11,"17":6,"18":5,"19":5,"20":5,"21":5,"22":5,"23":5,"24":0,"25":2,"26":11,"27":11,"28":11,"29":11,"30":11,"31":11,"32":2,"33":9,"34":9,"35":9,"36":9,"37":1,"38":8,"39":8,"40":8,"41":8,"42":0,"43":2,"44":1,"45":0,"46":1,"47":1,"48":2},"f":{"0":2,"1":11,"2":11,"3":11,"4":11,"5":1,"6":0},"b":{"0":[0],"1":[2,0],"2":[6,5],"3":[2,9],"4":[1,8]}}
,"/home/hongmingl/Documents/ShopifyCodingChallengeBackend/src/image_route.ts": {"path":"/home/hongmingl/Documents/ShopifyCodingChallengeBackend/src/image_route.ts","statementMap":{"0":{"start":{"line":1,"column":0},"end":{"line":1,"column":24}},"1":{"start":{"line":2,"column":0},"end":{"line":2,"column":30}},"2":{"start":{"line":3,"column":0},"end":{"line":3,"column":38}},"3":{"start":{"line":4,"column":0},"end":{"line":4,"column":36}},"4":{"start":{"line":5,"column":0},"end":{"line":5,"column":28}},"5":{"start":{"line":6,"column":0},"end":{"line":6,"column":20}},"6":{"start":{"line":7,"column":0},"end":{"line":7,"column":51}},"7":{"start":{"line":9,"column":0},"end":{"line":110,"column":null}},"8":{"start":{"line":10,"column":17},"end":{"line":10,"column":67}},"9":{"start":{"line":12,"column":22},"end":{"line":12,"column":38}},"10":{"start":{"line":14,"column":17},"end":{"line":14,"column":65}},"11":{"start":{"line":16,"column":18},"end":{"line":16,"column":92}},"12":{"start":{"line":19,"column":2},"end":{"line":24,"column":null}},"13":{"start":{"line":21,"column":4},"end":{"line":23,"column":44}},"14":{"start":{"line":22,"column":20},"end":{"line":22,"column":43}},"15":{"start":{"line":23,"column":18},"end":{"line":23,"column":42}},"16":{"start":{"line":27,"column":2},"end":{"line":38,"column":null}},"17":{"start":{"line":27,"column":42},"end":{"line":38,"column":4}},"18":{"start":{"line":28,"column":22},"end":{"line":28,"column":51}},"19":{"start":{"line":29,"column":17},"end":{"line":29,"column":51}},"20":{"start":{"line":30,"column":18},"end":{"line":30,"column":53}},"21":{"start":{"line":31,"column":18},"end":{"line":31,"column":85}},"22":{"start":{"line":32,"column":4},"end":{"line":37,"column":null}},"23":{"start":{"line":33,"column":21},"end":{"line":33,"column":91}},"24":{"start":{"line":34,"column":6},"end":{"line":34,"column":null}},"25":{"start":{"line":36,"column":6},"end":{"line":36,"column":38}},"26":{"start":{"line":41,"column":2},"end":{"line":56,"column":null}},"27":{"start":{"line":41,"column":51},"end":{"line":56,"column":4}},"28":{"start":{"line":42,"column":21},"end":{"line":42,"column":40}},"29":{"start":{"line":43,"column":17},"end":{"line":43,"column":51}},"30":{"start":{"line":44,"column":18},"end":{"line":44,"column":53}},"31":{"start":{"line":45,"column":4},"end":{"line":55,"column":null}},"32":{"start":{"line":47,"column":20},"end":{"line":49,"column":43}},"33":{"start":{"line":50,"column":21},"end":{"line":50,"column":91}},"34":{"start":{"line":51,"column":6},"end":{"line":51,"column":38}},"35":{"start":{"line":52,"column":6},"end":{"line":52,"column":30}},"36":{"start":{"line":54,"column":6},"end":{"line":54,"column":38}},"37":{"start":{"line":59,"column":2},"end":{"line":72,"column":5}},"38":{"start":{"line":59,"column":76},"end":{"line":72,"column":4}},"39":{"start":{"line":60,"column":16},"end":{"line":60,"column":35}},"40":{"start":{"line":61,"column":4},"end":{"line":71,"column":null}},"41":{"start":{"line":62,"column":20},"end":{"line":62,"column":57}},"42":{"start":{"line":63,"column":6},"end":{"line":63,"column":79}},"43":{"start":{"line":63,"column":18},"end":{"line":63,"column":79}},"44":{"start":{"line":64,"column":6},"end":{"line":64,"column":25}},"45":{"start":{"line":65,"column":6},"end":{"line":65,"column":156}},"46":{"start":{"line":66,"column":6},"end":{"line":66,"column":168}},"47":{"start":{"line":66,"column":80},"end":{"line":66,"column":168}},"48":{"start":{"line":67,"column":6},"end":{"line":67,"column":57}},"49":{"start":{"line":68,"column":6},"end":{"line":68,"column":43}},"50":{"start":{"line":70,"column":6},"end":{"line":70,"column":38}},"51":{"start":{"line":75,"column":2},"end":{"line":90,"column":null}},"52":{"start":{"line":75,"column":66},"end":{"line":90,"column":4}},"53":{"start":{"line":76,"column":4},"end":{"line":89,"column":null}},"54":{"start":{"line":77,"column":20},"end":{"line":77,"column":60}},"55":{"start":{"line":78,"column":25},"end":{"line":78,"column":33}},"56":{"start":{"line":79,"column":6},"end":{"line":79,"column":92}},"57":{"start":{"line":79,"column":18},"end":{"line":79,"column":92}},"58":{"start":{"line":81,"column":6},"end":{"line":81,"column":125}},"59":{"start":{"line":81,"column":51},"end":{"line":81,"column":125}},"60":{"start":{"line":82,"column":6},"end":{"line":82,"column":53}},"61":{"start":{"line":83,"column":6},"end":{"line":85,"column":null}},"62":{"start":{"line":84,"column":8},"end":{"line":84,"column":49}},"63":{"start":{"line":84,"column":17},"end":{"line":84,"column":49}},"64":{"start":{"line":86,"column":6},"end":{"line":86,"column":29}},"65":{"start":{"line":88,"column":6},"end":{"line":88,"column":38}},"66":{"start":{"line":92,"column":2},"end":{"line":107,"column":null}},"67":{"start":{"line":92,"column":65},"end":{"line":107,"column":4}},"68":{"start":{"line":93,"column":28},"end":{"line":93,"column":43}},"69":{"start":{"line":94,"column":4},"end":{"line":94,"column":94}},"70":{"start":{"line":94,"column":30},"end":{"line":94,"column":94}},"71":{"start":{"line":95,"column":4},"end":{"line":106,"column":null}},"72":{"start":{"line":96,"column":20},"end":{"line":96,"column":72}},"73":{"start":{"line":97,"column":6},"end":{"line":97,"column":95}},"74":{"start":{"line":97,"column":18},"end":{"line":97,"column":95}},"75":{"start":{"line":99,"column":6},"end":{"line":99,"column":135}},"76":{"start":{"line":99,"column":51},"end":{"line":99,"column":135}},"77":{"start":{"line":100,"column":6},"end":{"line":100,"column":null}},"78":{"start":{"line":101,"column":6},"end":{"line":101,"column":96}},"79":{"start":{"line":102,"column":28},"end":{"line":102,"column":80}},"80":{"start":{"line":103,"column":6},"end":{"line":103,"column":30}},"81":{"start":{"line":105,"column":6},"end":{"line":105,"column":38}},"82":{"start":{"line":109,"column":2},"end":{"line":109,"column":21}}},"fnMap":{"0":{"name":"(anonymous_8)","decl":{"start":{"line":9,"column":15},"end":{"line":9,"column":16}},"loc":{"start":{"line":9,"column":31},"end":{"line":110,"column":1}}},"1":{"name":"(anonymous_9)","decl":{"start":{"line":19,"column":67},"end":{"line":19,"column":68}},"loc":{"start":{"line":19,"column":80},"end":{"line":24,"column":3}}},"2":{"name":"(anonymous_10)","decl":{"start":{"line":22,"column":10},"end":{"line":22,"column":15}},"loc":{"start":{"line":22,"column":18},"end":{"line":22,"column":43}}},"3":{"name":"(anonymous_11)","decl":{"start":{"line":23,"column":11},"end":{"line":23,"column":14}},"loc":{"start":{"line":23,"column":18},"end":{"line":23,"column":42}}},"4":{"name":"(anonymous_12)","decl":{"start":{"line":27,"column":23},"end":{"line":27,"column":30}},"loc":{"start":{"line":27,"column":42},"end":{"line":38,"column":4}}},"5":{"name":"(anonymous_13)","decl":{"start":{"line":27,"column":42},"end":{"line":27,"column":null}},"loc":{"start":{"line":27,"column":42},"end":{"line":38,"column":3}}},"6":{"name":"(anonymous_14)","decl":{"start":{"line":41,"column":32},"end":{"line":41,"column":39}},"loc":{"start":{"line":41,"column":51},"end":{"line":56,"column":4}}},"7":{"name":"(anonymous_15)","decl":{"start":{"line":41,"column":51},"end":{"line":41,"column":null}},"loc":{"start":{"line":41,"column":51},"end":{"line":56,"column":3}}},"8":{"name":"(anonymous_16)","decl":{"start":{"line":59,"column":57},"end":{"line":59,"column":64}},"loc":{"start":{"line":59,"column":76},"end":{"line":72,"column":4}}},"9":{"name":"(anonymous_17)","decl":{"start":{"line":59,"column":76},"end":{"line":59,"column":null}},"loc":{"start":{"line":59,"column":76},"end":{"line":72,"column":3}}},"10":{"name":"(anonymous_18)","decl":{"start":{"line":75,"column":47},"end":{"line":75,"column":54}},"loc":{"start":{"line":75,"column":66},"end":{"line":90,"column":4}}},"11":{"name":"(anonymous_19)","decl":{"start":{"line":75,"column":66},"end":{"line":75,"column":null}},"loc":{"start":{"line":75,"column":66},"end":{"line":90,"column":3}}},"12":{"name":"(anonymous_20)","decl":{"start":{"line":83,"column":33},"end":{"line":83,"column":34}},"loc":{"start":{"line":83,"column":41},"end":{"line":85,"column":7}}},"13":{"name":"(anonymous_21)","decl":{"start":{"line":92,"column":46},"end":{"line":92,"column":53}},"loc":{"start":{"line":92,"column":65},"end":{"line":107,"column":4}}},"14":{"name":"(anonymous_22)","decl":{"start":{"line":92,"column":65},"end":{"line":92,"column":null}},"loc":{"start":{"line":92,"column":65},"end":{"line":107,"column":3}}}},"branchMap":{"0":{"loc":{"start":{"line":9,"column":22},"end":{"line":9,"column":27}},"type":"default-arg","locations":[{"start":{"line":9,"column":22},"end":{"line":9,"column":27}}]},"1":{"loc":{"start":{"line":10,"column":32},"end":{"line":10,"column":51}},"type":"cond-expr","locations":[{"start":{"line":10,"column":32},"end":{"line":10,"column":51}},{"start":{"line":10,"column":53},"end":{"line":10,"column":67}}]},"2":{"loc":{"start":{"line":21,"column":70},"end":{"line":21,"column":87}},"type":"binary-expr","locations":[{"start":{"line":21,"column":70},"end":{"line":21,"column":87}},{"start":{"line":21,"column":91},"end":{"line":21,"column":95}}]},"3":{"loc":{"start":{"line":48,"column":10},"end":{"line":48,"column":58}},"type":"cond-expr","locations":[{"start":{"line":48,"column":10},"end":{"line":48,"column":58}},{"start":{"line":49,"column":10},"end":{"line":49,"column":43}}]},"4":{"loc":{"start":{"line":47,"column":21},"end":{"line":47,"column":42}},"type":"binary-expr","locations":[{"start":{"line":47,"column":21},"end":{"line":47,"column":42}},{"start":{"line":47,"column":46},"end":{"line":47,"column":79}}]},"5":{"loc":{"start":{"line":63,"column":6},"end":{"line":63,"column":79}},"type":"if","locations":[{"start":{"line":63,"column":6},"end":{"line":63,"column":79}},{"start":{"line":63,"column":6},"end":{"line":63,"column":79}}]},"6":{"loc":{"start":{"line":66,"column":6},"end":{"line":66,"column":168}},"type":"if","locations":[{"start":{"line":66,"column":6},"end":{"line":66,"column":168}},{"start":{"line":66,"column":6},"end":{"line":66,"column":168}}]},"7":{"loc":{"start":{"line":66,"column":10},"end":{"line":66,"column":35}},"type":"binary-expr","locations":[{"start":{"line":66,"column":10},"end":{"line":66,"column":35}},{"start":{"line":66,"column":39},"end":{"line":66,"column":78}}]},"8":{"loc":{"start":{"line":79,"column":6},"end":{"line":79,"column":92}},"type":"if","locations":[{"start":{"line":79,"column":6},"end":{"line":79,"column":92}},{"start":{"line":79,"column":6},"end":{"line":79,"column":92}}]},"9":{"loc":{"start":{"line":81,"column":6},"end":{"line":81,"column":125}},"type":"if","locations":[{"start":{"line":81,"column":6},"end":{"line":81,"column":125}},{"start":{"line":81,"column":6},"end":{"line":81,"column":125}}]},"10":{"loc":{"start":{"line":84,"column":8},"end":{"line":84,"column":49}},"type":"if","locations":[{"start":{"line":84,"column":8},"end":{"line":84,"column":49}},{"start":{"line":84,"column":8},"end":{"line":84,"column":49}}]},"11":{"loc":{"start":{"line":94,"column":4},"end":{"line":94,"column":94}},"type":"if","locations":[{"start":{"line":94,"column":4},"end":{"line":94,"column":94}},{"start":{"line":94,"column":4},"end":{"line":94,"column":94}}]},"12":{"loc":{"start":{"line":97,"column":6},"end":{"line":97,"column":95}},"type":"if","locations":[{"start":{"line":97,"column":6},"end":{"line":97,"column":95}},{"start":{"line":97,"column":6},"end":{"line":97,"column":95}}]},"13":{"loc":{"start":{"line":99,"column":6},"end":{"line":99,"column":135}},"type":"if","locations":[{"start":{"line":99,"column":6},"end":{"line":99,"column":135}},{"start":{"line":99,"column":6},"end":{"line":99,"column":135}}]}},"s":{"0":2,"1":2,"2":2,"3":2,"4":2,"5":2,"6":2,"7":2,"8":2,"9":2,"10":2,"11":2,"12":2,"13":3,"14":3,"15":0,"16":2,"17":0,"18":0,"19":0,"20":0,"21":0,"22":0,"23":0,"24":0,"25":0,"26":2,"27":0,"28":0,"29":0,"30":0,"31":0,"32":0,"33":0,"34":0,"35":0,"36":0,"37":2,"38":7,"39":7,"40":7,"41":7,"42":7,"43":1,"44":6,"45":6,"46":6,"47":0,"48":6,"49":6,"50":0,"51":2,"52":0,"53":0,"54":0,"55":0,"56":0,"57":0,"58":0,"59":0,"60":0,"61":0,"62":0,"63":0,"64":0,"65":0,"66":2,"67":6,"68":6,"69":6,"70":0,"71":6,"72":6,"73":6,"74":0,"75":6,"76":3,"77":3,"78":3,"79":3,"80":3,"81":0,"82":2},"f":{"0":2,"1":3,"2":3,"3":0,"4":0,"5":0,"6":0,"7":0,"8":7,"9":7,"10":0,"11":0,"12":0,"13":6,"14":6},"b":{"0":[0],"1":[2,0],"2":[3,0],"3":[0,0],"4":[0,0],"5":[1,6],"6":[0,6],"7":[6,0],"8":[0,0],"9":[0,0],"10":[0,0],"11":[0,6],"12":[0,6],"13":[3,3]}}
,"/home/hongmingl/Documents/ShopifyCodingChallengeBackend/src/classes/image.ts": {"path":"/home/hongmingl/Documents/ShopifyCodingChallengeBackend/src/classes/image.ts","statementMap":{"0":{"start":{"line":7,"column":4},"end":{"line":7,"column":23}},"1":{"start":{"line":8,"column":4},"end":{"line":8,"column":21}},"2":{"start":{"line":9,"column":4},"end":{"line":9,"column":29}},"3":{"start":{"line":10,"column":4},"end":{"line":10,"column":29}},"4":{"start":{"line":14,"column":0},"end":{"line":14,"column":21}}},"fnMap":{"0":{"name":"(anonymous_0)","decl":{"start":{"line":6,"column":2},"end":{"line":6,"column":14}},"loc":{"start":{"line":6,"column":99},"end":{"line":11,"column":3}}}},"branchMap":{},"s":{"0":3,"1":3,"2":3,"3":3,"4":2},"f":{"0":3},"b":{}}
,"/home/hongmingl/Documents/ShopifyCodingChallengeBackend/src/classes/user.ts": {"path":"/home/hongmingl/Documents/ShopifyCodingChallengeBackend/src/classes/user.ts","statementMap":{"0":{"start":{"line":6,"column":4},"end":{"line":6,"column":19}},"1":{"start":{"line":7,"column":4},"end":{"line":7,"column":21}},"2":{"start":{"line":8,"column":4},"end":{"line":8,"column":33}},"3":{"start":{"line":12,"column":0},"end":{"line":12,"column":20}}},"fnMap":{"0":{"name":"(anonymous_0)","decl":{"start":{"line":5,"column":2},"end":{"line":5,"column":14}},"loc":{"start":{"line":5,"column":59},"end":{"line":9,"column":3}}}},"branchMap":{},"s":{"0":5,"1":5,"2":5,"3":2},"f":{"0":5},"b":{}}
,"/home/hongmingl/Documents/ShopifyCodingChallengeBackend/src/middlewares/isAuth.ts": {"path":"/home/hongmingl/Documents/ShopifyCodingChallengeBackend/src/middlewares/isAuth.ts","statementMap":{"0":{"start":{"line":5,"column":24},"end":{"line":8,"column":1}},"1":{"start":{"line":6,"column":2},"end":{"line":6,"column":90}},"2":{"start":{"line":6,"column":29},"end":{"line":6,"column":90}},"3":{"start":{"line":7,"column":2},"end":{"line":7,"column":16}},"4":{"start":{"line":16,"column":0},"end":{"line":16,"column":31}}},"fnMap":{"0":{"name":"(anonymous_0)","decl":{"start":{"line":5,"column":24},"end":{"line":5,"column":25}},"loc":{"start":{"line":5,"column":70},"end":{"line":8,"column":1}}}},"branchMap":{"0":{"loc":{"start":{"line":6,"column":2},"end":{"line":6,"column":90}},"type":"if","locations":[{"start":{"line":6,"column":2},"end":{"line":6,"column":90}},{"start":{"line":6,"column":2},"end":{"line":6,"column":90}}]}},"s":{"0":2,"1":25,"2":8,"3":17,"4":2},"f":{"0":25},"b":{"0":[8,17]}}
}
