TN:
SF:src/app.ts
FN:9,(anonymous_7)
FN:23,(anonymous_8)
FN:27,(anonymous_9)
FNF:3
FNH:2
FNDA:2,(anonymous_7)
FNDA:0,(anonymous_8)
FNDA:47,(anonymous_9)
DA:1,2
DA:2,2
DA:3,2
DA:4,2
DA:5,2
DA:9,2
DA:11,2
DA:13,2
DA:14,2
DA:16,2
DA:23,2
DA:24,0
DA:27,2
DA:28,47
DA:29,47
DA:34,47
DA:37,2
DA:38,2
DA:40,2
DA:49,2
LF:20
LH:19
BRDA:9,0,0,0
BRDA:28,1,0,17
BRDA:28,1,1,30
BRDA:29,2,0,47
BRDA:29,2,1,30
BRF:5
BRH:4
end_of_record
TN:
SF:src/auth_route.ts
FN:10,(anonymous_8)
FN:17,(anonymous_9)
FN:17,(anonymous_10)
FN:37,(anonymous_11)
FN:37,(anonymous_12)
FN:61,(anonymous_13)
FN:62,(anonymous_14)
FNF:7
FNH:6
FNDA:2,(anonymous_8)
FNDA:11,(anonymous_9)
FNDA:11,(anonymous_10)
FNDA:11,(anonymous_11)
FNDA:11,(anonymous_12)
FNDA:1,(anonymous_13)
FNDA:0,(anonymous_14)
DA:1,2
DA:2,2
DA:3,2
DA:4,2
DA:5,2
DA:6,2
DA:10,2
DA:11,2
DA:13,2
DA:14,2
DA:17,11
DA:18,11
DA:19,11
DA:20,11
DA:21,11
DA:22,11
DA:25,5
DA:26,5
DA:27,5
DA:28,5
DA:29,5
DA:30,5
DA:32,0
DA:37,11
DA:38,11
DA:39,11
DA:40,11
DA:41,11
DA:42,11
DA:44,9
DA:45,9
DA:46,9
DA:47,9
DA:48,8
DA:49,8
DA:50,8
DA:54,8
DA:56,0
DA:61,2
DA:62,1
DA:63,0
DA:65,1
DA:69,1
DA:72,2
LF:44
LH:41
BRDA:10,0,0,0
BRDA:11,1,0,2
BRDA:11,1,1,0
BRDA:22,2,0,6
BRDA:22,2,1,5
BRDA:42,3,0,2
BRDA:42,3,1,9
BRDA:47,4,0,1
BRDA:47,4,1,8
BRF:9
BRH:7
end_of_record
TN:
SF:src/image_route.ts
FN:9,(anonymous_8)
FN:19,(anonymous_9)
FN:22,(anonymous_10)
FN:23,(anonymous_11)
FN:27,(anonymous_12)
FN:27,(anonymous_13)
FN:41,(anonymous_14)
FN:41,(anonymous_15)
FN:59,(anonymous_16)
FN:59,(anonymous_17)
FN:75,(anonymous_18)
FN:75,(anonymous_19)
FN:83,(anonymous_20)
FN:92,(anonymous_21)
FN:92,(anonymous_22)
FNF:15
FNH:7
FNDA:2,(anonymous_8)
FNDA:3,(anonymous_9)
FNDA:3,(anonymous_10)
FNDA:0,(anonymous_11)
FNDA:0,(anonymous_12)
FNDA:0,(anonymous_13)
FNDA:0,(anonymous_14)
FNDA:0,(anonymous_15)
FNDA:7,(anonymous_16)
FNDA:7,(anonymous_17)
FNDA:0,(anonymous_18)
FNDA:0,(anonymous_19)
FNDA:0,(anonymous_20)
FNDA:6,(anonymous_21)
FNDA:6,(anonymous_22)
DA:1,2
DA:2,2
DA:3,2
DA:4,2
DA:5,2
DA:6,2
DA:7,2
DA:9,2
DA:10,2
DA:12,2
DA:14,2
DA:16,2
DA:19,2
DA:21,3
DA:22,3
DA:23,0
DA:27,2
DA:28,0
DA:29,0
DA:30,0
DA:31,0
DA:32,0
DA:33,0
DA:34,0
DA:36,0
DA:41,2
DA:42,0
DA:43,0
DA:44,0
DA:45,0
DA:47,0
DA:50,0
DA:51,0
DA:52,0
DA:54,0
DA:59,7
DA:60,7
DA:61,7
DA:62,7
DA:63,7
DA:64,6
DA:65,6
DA:66,6
DA:67,6
DA:68,6
DA:70,0
DA:75,2
DA:76,0
DA:77,0
DA:78,0
DA:79,0
DA:81,0
DA:82,0
DA:83,0
DA:84,0
DA:86,0
DA:88,0
DA:92,6
DA:93,6
DA:94,6
DA:95,6
DA:96,6
DA:97,6
DA:99,6
DA:100,3
DA:101,3
DA:102,3
DA:103,3
DA:105,0
DA:109,2
LF:70
LH:40
BRDA:9,0,0,0
BRDA:10,1,0,2
BRDA:10,1,1,0
BRDA:21,2,0,3
BRDA:21,2,1,0
BRDA:48,3,0,0
BRDA:48,3,1,0
BRDA:47,4,0,0
BRDA:47,4,1,0
BRDA:63,5,0,1
BRDA:63,5,1,6
BRDA:66,6,0,0
BRDA:66,6,1,6
BRDA:66,7,0,6
BRDA:66,7,1,0
BRDA:79,8,0,0
BRDA:79,8,1,0
BRDA:81,9,0,0
BRDA:81,9,1,0
BRDA:84,10,0,0
BRDA:84,10,1,0
BRDA:94,11,0,0
BRDA:94,11,1,6
BRDA:97,12,0,0
BRDA:97,12,1,6
BRDA:99,13,0,3
BRDA:99,13,1,3
BRF:27
BRH:10
end_of_record
TN:
SF:src/classes/image.ts
FN:6,(anonymous_0)
FNF:1
FNH:1
FNDA:3,(anonymous_0)
DA:7,3
DA:8,3
DA:9,3
DA:10,3
DA:14,2
LF:5
LH:5
BRF:0
BRH:0
end_of_record
TN:
SF:src/classes/user.ts
FN:5,(anonymous_0)
FNF:1
FNH:1
FNDA:5,(anonymous_0)
DA:6,5
DA:7,5
DA:8,5
DA:12,2
LF:4
LH:4
BRF:0
BRH:0
end_of_record
TN:
SF:src/middlewares/isAuth.ts
FN:5,(anonymous_0)
FNF:1
FNH:1
FNDA:25,(anonymous_0)
DA:5,2
DA:6,25
DA:7,17
DA:16,2
LF:4
LH:4
BRDA:6,0,0,8
BRDA:6,0,1,17
BRF:2
BRH:2
end_of_record
